2018-03-05 17:28:09,059 - root - DEBUG - SCRIPT STARTED
2018-03-05 17:28:09,098 - paramiko.transport - DEBUG - starting thread (client mode): 0x7bb585d0L
2018-03-05 17:28:09,098 - paramiko.transport - DEBUG - Local version/idstring: SSH-2.0-paramiko_1.16.0
2018-03-05 17:28:09,115 - paramiko.transport - DEBUG - Remote version/idstring: SSH-2.0-OpenSSH_6.6.1p1 Ubuntu-2ubuntu2.8
2018-03-05 17:28:09,116 - paramiko.transport - INFO - Connected (version 2.0, client OpenSSH_6.6.1p1)
2018-03-05 17:28:09,117 - paramiko.transport - DEBUG - kex algos:[u'curve25519-sha256@libssh.org', u'ecdh-sha2-nistp256', u'ecdh-sha2-nistp384', u'ecdh-sha2-nistp521', u'diffie-hellman-group-exchange-sha256', u'diffie-hellman-group-exchange-sha1', u'diffie-hellman-group14-sha1', u'diffie-hellman-group1-sha1'] server key:[u'ssh-rsa', u'ssh-dss', u'ecdsa-sha2-nistp256', u'ssh-ed25519'] client encrypt:[u'aes128-ctr', u'aes192-ctr', u'aes256-ctr', u'arcfour256', u'arcfour128', u'arcfour'] server encrypt:[u'aes128-ctr', u'aes192-ctr', u'aes256-ctr', u'arcfour256', u'arcfour128', u'arcfour'] client mac:[u'hmac-sha1', u'hmac-ripemd160'] server mac:[u'hmac-sha1', u'hmac-ripemd160'] client compress:[u'none', u'zlib@openssh.com'] server compress:[u'none', u'zlib@openssh.com'] client lang:[u''] server lang:[u''] kex follows?False
2018-03-05 17:28:09,117 - paramiko.transport - DEBUG - Kex agreed: diffie-hellman-group1-sha1
2018-03-05 17:28:09,117 - paramiko.transport - DEBUG - Cipher agreed: aes128-ctr
2018-03-05 17:28:09,118 - paramiko.transport - DEBUG - MAC agreed: hmac-sha1
2018-03-05 17:28:09,118 - paramiko.transport - DEBUG - Compression agreed: none
2018-03-05 17:28:09,185 - paramiko.transport - DEBUG - kex engine KexGroup1 specified hash_algo <built-in function openssl_sha1>
2018-03-05 17:28:09,186 - paramiko.transport - DEBUG - Switch to new keys ...
2018-03-05 17:28:09,199 - paramiko.transport - DEBUG - Adding ssh-rsa host key for 10.91.116.233: 525b3b2d4abf7dea1d16a467eab12379
2018-03-05 17:28:09,225 - paramiko.transport - DEBUG - userauth is OK
2018-03-05 17:28:09,265 - paramiko.transport - INFO - Authentication (password) successful!
2018-03-05 17:28:09,300 - paramiko.transport - DEBUG - [chan 0] Max packet in: 32768 bytes
2018-03-05 17:28:09,302 - paramiko.transport - DEBUG - [chan 0] Max packet out: 32768 bytes
2018-03-05 17:28:09,302 - paramiko.transport - DEBUG - Secsh channel 0 opened.
2018-03-05 17:28:09,307 - paramiko.transport - DEBUG - [chan 0] Sesch channel 0 request ok
2018-03-05 17:28:09,310 - paramiko.transport - DEBUG - [chan 0] Sesch channel 0 request ok
2018-03-05 17:28:10,411 - netmiko - DEBUG - read_channel:              .---.,
            (      ``.
       _     \        )    __      ________ _____   _____
      (  `.   \      /     \ \    / /  ____|  __ \ / ____|  /\
       \    `. )    /       \ \  / /| |__  | |__) | (___   /  \
        \     |    /         \ \/ / |  __| |  _  / \___ \ / /\ \
         \    |   /           \  /  | |____| | \ \ ____) / ____ \
          \   |  /             \/   |______|_|  \_\_____/_/    \_\
           \  | /
            \_|/                     ___ _    _____  ___   ___  _ ___
                                    | __| |  | __\ \/ | \ / / \| | __|
                                    | _|| |__| _| >  < \ V /| .` | _|
                                    |_| |____|___/_/\_\ \_/ |_|\_|_|


Versa FlexVNF software
Release     :	16.1R1 (S3.3)
Release date:	20171107
Package ID  :	e51d9e9	

Last login: Mon Mar  5 11:55:38 2018 from 10.91.124.96
admin@CPE26-sathish:~$ 
2018-03-05 17:28:10,512 - netmiko - DEBUG - read_channel: 
2018-03-05 17:28:12,513 - netmiko - DEBUG - read_channel: 
2018-03-05 17:28:12,514 - netmiko - DEBUG - write_channel: 

2018-03-05 17:28:12,614 - netmiko - DEBUG - read_channel: 
admin@CPE26-sathish:~$ 
2018-03-05 17:28:12,615 - netmiko - DEBUG - write_channel: cli

2018-03-05 17:28:12,916 - netmiko - DEBUG - read_channel: cli


             .---.,
            (      ``.
       _     \        )    __      ________ _____   _____
      (  `.   \      /     \ \    / /  ____|  __ \ / ____|  /\
       \    `. )    /       \ \  / /| |__  | |__) | (___   /  \
        \     |    /         \ \/ / |  __| |  _  / \___ \ / /\ \
         \    |   /           \  /  | |____| | \ \ ____) / ____ \
          \   |  /             \/   |______|_|  \_\_____/_/    \_\
           \  | /
            \_|/                   _  _ ___ _______      _____  ___ _  _____
                                  | \| | __|_   _\ \    / / _ \| _ \ |/ / __|
                                  | .` | _|  | |  \ \/\/ / (_) |   / ' <\__ \
                                  |_|\_|___| |_|   \_/\_/ \___/|_|_\_|\_\___/



admin connected from 10.91.124.96 using ssh on CPE26-sathish
[?7hadmin@CPE26-sathish-cli> 
2018-03-05 17:28:12,916 - netmiko - DEBUG - read_channel: 
2018-03-05 17:28:12,917 - netmiko - DEBUG - write_channel: 

2018-03-05 17:28:13,017 - netmiko - DEBUG - read_channel: 
admin@CPE26-sathish-cli> 
2018-03-05 17:28:13,118 - netmiko - DEBUG - read_channel: 
2018-03-05 17:28:13,218 - netmiko - DEBUG - read_channel: 
2018-03-05 17:28:13,219 - netmiko - DEBUG - In disable_paging
2018-03-05 17:28:13,219 - netmiko - DEBUG - Command: set screen length 0

2018-03-05 17:28:13,219 - netmiko - DEBUG - write_channel: set screen length 0

2018-03-05 17:28:13,220 - netmiko - DEBUG - Pattern is: admin\@CPE26\-sathish\-cli
2018-03-05 17:28:13,221 - netmiko - DEBUG - _read_channel_expect read_data: set
2018-03-05 17:28:13,322 - netmiko - DEBUG - _read_channel_expect read_data:  screen
2018-03-05 17:28:13,422 - netmiko - DEBUG - _read_channel_expect read_data:  length 0

2018-03-05 17:28:13,523 - netmiko - DEBUG - _read_channel_expect read_data: [ok][2018-03-05 11:55:52]
admin@CPE26-sathish-cli> 
2018-03-05 17:28:13,523 - netmiko - DEBUG - Pattern found: admin\@CPE26\-sathish\-cli set screen length 0
[ok][2018-03-05 11:55:52]
admin@CPE26-sathish-cli> 
2018-03-05 17:28:13,523 - netmiko - DEBUG - set screen length 0
[ok][2018-03-05 11:55:52]
admin@CPE26-sathish-cli> 
2018-03-05 17:28:13,523 - netmiko - DEBUG - Exiting disable_paging
2018-03-05 17:28:13,524 - netmiko - DEBUG - write_channel: set screen width 0

2018-03-05 17:28:13,524 - netmiko - DEBUG - Pattern is: admin\@CPE26\-sathish\-cli
2018-03-05 17:28:13,526 - netmiko - DEBUG - _read_channel_expect read_data: set
2018-03-05 17:28:13,626 - netmiko - DEBUG - _read_channel_expect read_data:  screen
2018-03-05 17:28:13,727 - netmiko - DEBUG - _read_channel_expect read_data:  width 0

2018-03-05 17:28:13,827 - netmiko - DEBUG - _read_channel_expect read_data: [ok][2018-03-05 11:55:52]
admin@CPE26-sathish-cli> 
2018-03-05 17:28:13,827 - netmiko - DEBUG - Pattern found: admin\@CPE26\-sathish\-cli set screen width 0
[ok][2018-03-05 11:55:52]
admin@CPE26-sathish-cli> 
2018-03-05 17:28:14,128 - netmiko - DEBUG - read_channel: 
2018-03-05 17:28:19,134 - netmiko - DEBUG - read_channel: 
2018-03-05 17:28:19,134 - netmiko - DEBUG - write_channel: 

2018-03-05 17:28:19,235 - netmiko - DEBUG - read_channel: 
admin@CPE26-sathish-cli> 
2018-03-05 17:28:19,339 - netmiko - DEBUG - read_channel: 
2018-03-05 17:28:19,339 - root - DEBUG - <netmiko.versa.versa_ssh.VersaSSH object at 0x7f037bb58490> connection opened
2018-03-05 17:28:19,339 - netmiko - DEBUG - read_channel: 
2018-03-05 17:28:19,340 - netmiko - DEBUG - write_channel: 

2018-03-05 17:28:19,440 - netmiko - DEBUG - read_channel: 
admin@CPE26-sathish-cli> 
2018-03-05 17:28:19,541 - netmiko - DEBUG - read_channel: 
2018-03-05 17:28:19,741 - netmiko - DEBUG - read_channel: 
2018-03-05 17:28:19,742 - netmiko - DEBUG - write_channel: show system package-info | tab

2018-03-05 17:28:19,742 - netmiko - DEBUG - read_channel: 
2018-03-05 17:28:19,943 - netmiko - DEBUG - read_channel: show system package-info
2018-03-05 17:28:19,944 - netmiko - DEBUG - read_channel: 
2018-03-05 17:28:20,144 - netmiko - DEBUG - read_channel:  | tab
PACKAGE                                                                                     BUILD                     
ID       MAJOR  MINOR  DATE      PACKAGE NAME                                      RELTYPE  TYPE   BRANCH    CREATOR  
----------------------------------------------------------------------------------------------------------------------
e51d9e9  16     1      20171107  versa-flexvnf-20171107-024119-e51d9e9-16.1R1-wsm  R1       S3.3   16.1R1S3  jenkins  

[ok][2018-03-05 11:55:59]
admin@CPE26-sathish-cli> 
2018-03-05 17:28:20,146 - root - DEBUG - PACKAGE                                                                                     BUILD                     
ID       MAJOR  MINOR  DATE      PACKAGE NAME                                      RELTYPE  TYPE   BRANCH    CREATOR  
----------------------------------------------------------------------------------------------------------------------
e51d9e9  16     1      20171107  versa-flexvnf-20171107-024119-e51d9e9-16.1R1-wsm  R1       S3.3   16.1R1S3  jenkins  

[ok][2018-03-05 11:55:59]
2018-03-05 17:28:20,148 - paramiko.transport - DEBUG - starting thread (client mode): 0x7b6e1990L
2018-03-05 17:28:20,148 - paramiko.transport - DEBUG - Local version/idstring: SSH-2.0-paramiko_1.16.0
2018-03-05 17:28:20,168 - paramiko.transport - DEBUG - Remote version/idstring: SSH-2.0-OpenSSH_6.6.1p1 Ubuntu-2ubuntu2.8
2018-03-05 17:28:20,168 - paramiko.transport - INFO - Connected (version 2.0, client OpenSSH_6.6.1p1)
2018-03-05 17:28:20,169 - paramiko.transport - DEBUG - kex algos:[u'curve25519-sha256@libssh.org', u'ecdh-sha2-nistp256', u'ecdh-sha2-nistp384', u'ecdh-sha2-nistp521', u'diffie-hellman-group-exchange-sha256', u'diffie-hellman-group-exchange-sha1', u'diffie-hellman-group14-sha1', u'diffie-hellman-group1-sha1'] server key:[u'ssh-rsa', u'ssh-dss', u'ecdsa-sha2-nistp256', u'ssh-ed25519'] client encrypt:[u'aes128-ctr', u'aes192-ctr', u'aes256-ctr', u'arcfour256', u'arcfour128', u'arcfour'] server encrypt:[u'aes128-ctr', u'aes192-ctr', u'aes256-ctr', u'arcfour256', u'arcfour128', u'arcfour'] client mac:[u'hmac-sha1', u'hmac-ripemd160'] server mac:[u'hmac-sha1', u'hmac-ripemd160'] client compress:[u'none', u'zlib@openssh.com'] server compress:[u'none', u'zlib@openssh.com'] client lang:[u''] server lang:[u''] kex follows?False
2018-03-05 17:28:20,169 - paramiko.transport - DEBUG - Kex agreed: diffie-hellman-group1-sha1
2018-03-05 17:28:20,169 - paramiko.transport - DEBUG - Cipher agreed: aes128-ctr
2018-03-05 17:28:20,170 - paramiko.transport - DEBUG - MAC agreed: hmac-sha1
2018-03-05 17:28:20,170 - paramiko.transport - DEBUG - Compression agreed: none
2018-03-05 17:28:20,232 - paramiko.transport - DEBUG - kex engine KexGroup1 specified hash_algo <built-in function openssl_sha1>
2018-03-05 17:28:20,233 - paramiko.transport - DEBUG - Switch to new keys ...
2018-03-05 17:28:20,249 - paramiko.transport - DEBUG - Adding ssh-rsa host key for 10.91.116.234: 38fcc4d621b4437e86c203baac42f3a2
2018-03-05 17:28:20,272 - paramiko.transport - DEBUG - userauth is OK
2018-03-05 17:28:20,307 - paramiko.transport - INFO - Authentication (password) successful!
2018-03-05 17:28:20,314 - paramiko.transport - DEBUG - [chan 0] Max packet in: 32768 bytes
2018-03-05 17:28:20,325 - paramiko.transport - DEBUG - [chan 0] Max packet out: 32768 bytes
2018-03-05 17:28:20,325 - paramiko.transport - DEBUG - Secsh channel 0 opened.
2018-03-05 17:28:20,332 - paramiko.transport - DEBUG - [chan 0] Sesch channel 0 request ok
2018-03-05 17:28:20,335 - paramiko.transport - DEBUG - [chan 0] Sesch channel 0 request ok
2018-03-05 17:28:21,436 - netmiko - DEBUG - read_channel:              .---.,
            (      ``.
       _     \        )    __      ________ _____   _____
      (  `.   \      /     \ \    / /  ____|  __ \ / ____|  /\
       \    `. )    /       \ \  / /| |__  | |__) | (___   /  \
        \     |    /         \ \/ / |  __| |  _  / \___ \ / /\ \
         \    |   /           \  /  | |____| | \ \ ____) / ____ \
          \   |  /             \/   |______|_|  \_\_____/_/    \_\
           \  | /
            \_|/                     ___ _    _____  ___   ___  _ ___
                                    | __| |  | __\ \/ | \ / / \| | __|
                                    | _|| |__| _| >  < \ V /| .` | _|
                                    |_| |____|___/_/\_\ \_/ |_|\_|_|


Versa FlexVNF software
Release     :	16.1R1 (S3.3)
Release date:	20171107
Package ID  :	e51d9e9	

Last login: Mon Mar  5 11:49:36 2018 from 10.91.124.96
admin@CPE27-sathish:~$ 
2018-03-05 17:28:21,536 - netmiko - DEBUG - read_channel: 
2018-03-05 17:28:23,538 - netmiko - DEBUG - read_channel: 
2018-03-05 17:28:23,539 - netmiko - DEBUG - write_channel: 

2018-03-05 17:28:23,639 - netmiko - DEBUG - read_channel: 
admin@CPE27-sathish:~$ 
2018-03-05 17:28:23,640 - netmiko - DEBUG - write_channel: cli

2018-03-05 17:28:23,940 - netmiko - DEBUG - read_channel: cli


             .---.,
            (      ``.
       _     \        )    __      ________ _____   _____
      (  `.   \      /     \ \    / /  ____|  __ \ / ____|  /\
       \    `. )    /       \ \  / /| |__  | |__) | (___   /  \
        \     |    /         \ \/ / |  __| |  _  / \___ \ / /\ \
         \    |   /           \  /  | |____| | \ \ ____) / ____ \
          \   |  /             \/   |______|_|  \_\_____/_/    \_\
           \  | /
            \_|/                   _  _ ___ _______      _____  ___ _  _____
                                  | \| | __|_   _\ \    / / _ \| _ \ |/ / __|
                                  | .` | _|  | |  \ \/\/ / (_) |   / ' <\__ \
                                  |_|\_|___| |_|   \_/\_/ \___/|_|_\_|\_\___/



admin connected from 10.91.124.96 using ssh on CPE27-sathish
[?7hadmin@CPE27-sathish-cli> 
2018-03-05 17:28:23,941 - netmiko - DEBUG - read_channel: 
2018-03-05 17:28:23,941 - netmiko - DEBUG - write_channel: 

2018-03-05 17:28:24,041 - netmiko - DEBUG - read_channel: 
admin@CPE27-sathish-cli> 
2018-03-05 17:28:24,142 - netmiko - DEBUG - read_channel: 
2018-03-05 17:28:24,242 - netmiko - DEBUG - read_channel: 
2018-03-05 17:28:24,243 - netmiko - DEBUG - In disable_paging
2018-03-05 17:28:24,243 - netmiko - DEBUG - Command: set screen length 0

2018-03-05 17:28:24,243 - netmiko - DEBUG - write_channel: set screen length 0

2018-03-05 17:28:24,244 - netmiko - DEBUG - Pattern is: admin\@CPE27\-sathish\-cli
2018-03-05 17:28:24,245 - netmiko - DEBUG - _read_channel_expect read_data: set
2018-03-05 17:28:24,346 - netmiko - DEBUG - _read_channel_expect read_data:  screen
2018-03-05 17:28:24,446 - netmiko - DEBUG - _read_channel_expect read_data:  length 0

2018-03-05 17:28:24,547 - netmiko - DEBUG - _read_channel_expect read_data: [ok][2018-03-05 11:53:00]
admin@CPE27-sathish-cli> 
2018-03-05 17:28:24,547 - netmiko - DEBUG - Pattern found: admin\@CPE27\-sathish\-cli set screen length 0
[ok][2018-03-05 11:53:00]
admin@CPE27-sathish-cli> 
2018-03-05 17:28:24,547 - netmiko - DEBUG - set screen length 0
[ok][2018-03-05 11:53:00]
admin@CPE27-sathish-cli> 
2018-03-05 17:28:24,548 - netmiko - DEBUG - Exiting disable_paging
2018-03-05 17:28:24,548 - netmiko - DEBUG - write_channel: set screen width 0

2018-03-05 17:28:24,548 - netmiko - DEBUG - Pattern is: admin\@CPE27\-sathish\-cli
2018-03-05 17:28:24,550 - netmiko - DEBUG - _read_channel_expect read_data: set
2018-03-05 17:28:24,650 - netmiko - DEBUG - _read_channel_expect read_data:  screen
2018-03-05 17:28:24,751 - netmiko - DEBUG - _read_channel_expect read_data:  width 0

2018-03-05 17:28:24,851 - netmiko - DEBUG - _read_channel_expect read_data: [ok][2018-03-05 11:53:01]
admin@CPE27-sathish-cli> 
2018-03-05 17:28:24,851 - netmiko - DEBUG - Pattern found: admin\@CPE27\-sathish\-cli set screen width 0
[ok][2018-03-05 11:53:01]
admin@CPE27-sathish-cli> 
2018-03-05 17:28:25,152 - netmiko - DEBUG - read_channel: 
2018-03-05 17:28:30,152 - netmiko - DEBUG - read_channel: 
2018-03-05 17:28:30,153 - netmiko - DEBUG - write_channel: 

2018-03-05 17:28:30,254 - netmiko - DEBUG - read_channel: 
admin@CPE27-sathish-cli> 
2018-03-05 17:28:30,354 - netmiko - DEBUG - read_channel: 
2018-03-05 17:28:30,354 - root - DEBUG - <netmiko.versa.versa_ssh.VersaSSH object at 0x7f037b6e1950> connection opened
2018-03-05 17:28:30,451 - paramiko.transport - DEBUG - EOF in transport thread
2018-03-05 17:28:30,469 - netmiko - DEBUG - read_channel: 
2018-03-05 17:28:30,469 - netmiko - DEBUG - write_channel: 

2018-03-05 17:28:30,570 - netmiko - DEBUG - read_channel: 
admin@CPE27-sathish-cli> 
2018-03-05 17:28:30,670 - netmiko - DEBUG - read_channel: 
2018-03-05 17:28:30,871 - netmiko - DEBUG - read_channel: 
2018-03-05 17:28:30,871 - netmiko - DEBUG - write_channel: show system package-info | tab

2018-03-05 17:28:30,872 - netmiko - DEBUG - read_channel: 
2018-03-05 17:28:31,072 - netmiko - DEBUG - read_channel: show system package-info
2018-03-05 17:28:31,073 - netmiko - DEBUG - read_channel: 
2018-03-05 17:28:31,273 - netmiko - DEBUG - read_channel:  | tab
PACKAGE                                                                                     BUILD                     
ID       MAJOR  MINOR  DATE      PACKAGE NAME                                      RELTYPE  TYPE   BRANCH    CREATOR  
----------------------------------------------------------------------------------------------------------------------
e51d9e9  16     1      20171107  versa-flexvnf-20171107-024119-e51d9e9-16.1R1-wsm  R1       S3.3   16.1R1S3  jenkins  

[ok][2018-03-05 11:53:07]
admin@CPE27-sathish-cli> 
2018-03-05 17:28:31,274 - root - DEBUG - PACKAGE                                                                                     BUILD                     
ID       MAJOR  MINOR  DATE      PACKAGE NAME                                      RELTYPE  TYPE   BRANCH    CREATOR  
----------------------------------------------------------------------------------------------------------------------
e51d9e9  16     1      20171107  versa-flexvnf-20171107-024119-e51d9e9-16.1R1-wsm  R1       S3.3   16.1R1S3  jenkins  

[ok][2018-03-05 11:53:07]
2018-03-05 17:28:31,275 - paramiko.transport - DEBUG - starting thread (client mode): 0x7bb58890L
2018-03-05 17:28:31,276 - paramiko.transport - DEBUG - Local version/idstring: SSH-2.0-paramiko_1.16.0
2018-03-05 17:28:31,295 - paramiko.transport - DEBUG - Remote version/idstring: SSH-2.0-OpenSSH_6.6.1p1 Ubuntu-2ubuntu2.8
2018-03-05 17:28:31,295 - paramiko.transport - INFO - Connected (version 2.0, client OpenSSH_6.6.1p1)
2018-03-05 17:28:31,296 - paramiko.transport - DEBUG - kex algos:[u'curve25519-sha256@libssh.org', u'ecdh-sha2-nistp256', u'ecdh-sha2-nistp384', u'ecdh-sha2-nistp521', u'diffie-hellman-group-exchange-sha256', u'diffie-hellman-group-exchange-sha1', u'diffie-hellman-group14-sha1', u'diffie-hellman-group1-sha1'] server key:[u'ssh-rsa', u'ssh-dss', u'ecdsa-sha2-nistp256', u'ssh-ed25519'] client encrypt:[u'aes128-ctr', u'aes192-ctr', u'aes256-ctr', u'arcfour256', u'arcfour128', u'arcfour'] server encrypt:[u'aes128-ctr', u'aes192-ctr', u'aes256-ctr', u'arcfour256', u'arcfour128', u'arcfour'] client mac:[u'hmac-sha1', u'hmac-ripemd160'] server mac:[u'hmac-sha1', u'hmac-ripemd160'] client compress:[u'none', u'zlib@openssh.com'] server compress:[u'none', u'zlib@openssh.com'] client lang:[u''] server lang:[u''] kex follows?False
2018-03-05 17:28:31,296 - paramiko.transport - DEBUG - Kex agreed: diffie-hellman-group1-sha1
2018-03-05 17:28:31,297 - paramiko.transport - DEBUG - Cipher agreed: aes128-ctr
2018-03-05 17:28:31,297 - paramiko.transport - DEBUG - MAC agreed: hmac-sha1
2018-03-05 17:28:31,297 - paramiko.transport - DEBUG - Compression agreed: none
2018-03-05 17:28:31,364 - paramiko.transport - DEBUG - kex engine KexGroup1 specified hash_algo <built-in function openssl_sha1>
2018-03-05 17:28:31,364 - paramiko.transport - DEBUG - Switch to new keys ...
2018-03-05 17:28:31,377 - paramiko.transport - DEBUG - Adding ssh-rsa host key for 10.91.116.233: 525b3b2d4abf7dea1d16a467eab12379
2018-03-05 17:28:31,405 - paramiko.transport - DEBUG - userauth is OK
2018-03-05 17:28:31,450 - paramiko.transport - INFO - Authentication (password) successful!
2018-03-05 17:28:31,478 - paramiko.transport - DEBUG - [chan 0] Max packet in: 32768 bytes
2018-03-05 17:28:31,479 - paramiko.transport - DEBUG - [chan 0] Max packet out: 32768 bytes
2018-03-05 17:28:31,480 - paramiko.transport - DEBUG - Secsh channel 0 opened.
2018-03-05 17:28:31,485 - paramiko.transport - DEBUG - [chan 0] Sesch channel 0 request ok
2018-03-05 17:28:31,488 - paramiko.transport - DEBUG - [chan 0] Sesch channel 0 request ok
2018-03-05 17:28:32,590 - netmiko - DEBUG - read_channel:              .---.,
            (      ``.
       _     \        )    __      ________ _____   _____
      (  `.   \      /     \ \    / /  ____|  __ \ / ____|  /\
       \    `. )    /       \ \  / /| |__  | |__) | (___   /  \
        \     |    /         \ \/ / |  __| |  _  / \___ \ / /\ \
         \    |   /           \  /  | |____| | \ \ ____) / ____ \
          \   |  /             \/   |______|_|  \_\_____/_/    \_\
           \  | /
            \_|/                     ___ _    _____  ___   ___  _ ___
                                    | __| |  | __\ \/ | \ / / \| | __|
                                    | _|| |__| _| >  < \ V /| .` | _|
                                    |_| |____|___/_/\_\ \_/ |_|\_|_|


Versa FlexVNF software
Release     :	16.1R1 (S3.3)
Release date:	20171107
Package ID  :	e51d9e9	

Last login: Mon Mar  5 11:55:48 2018 from 10.91.124.96
admin@CPE26-sathish:~$ 
2018-03-05 17:28:32,691 - netmiko - DEBUG - read_channel: 
2018-03-05 17:28:34,693 - netmiko - DEBUG - read_channel: 
2018-03-05 17:28:34,694 - netmiko - DEBUG - write_channel: 

2018-03-05 17:28:34,794 - netmiko - DEBUG - read_channel: 
admin@CPE26-sathish:~$ 
2018-03-05 17:28:34,795 - netmiko - DEBUG - write_channel: cli

2018-03-05 17:28:35,096 - netmiko - DEBUG - read_channel: cli


             .---.,
            (      ``.
       _     \        )    __      ________ _____   _____
      (  `.   \      /     \ \    / /  ____|  __ \ / ____|  /\
       \    `. )    /       \ \  / /| |__  | |__) | (___   /  \
        \     |    /         \ \/ / |  __| |  _  / \___ \ / /\ \
         \    |   /           \  /  | |____| | \ \ ____) / ____ \
          \   |  /             \/   |______|_|  \_\_____/_/    \_\
           \  | /
            \_|/                   _  _ ___ _______      _____  ___ _  _____
                                  | \| | __|_   _\ \    / / _ \| _ \ |/ / __|
                                  | .` | _|  | |  \ \/\/ / (_) |   / ' <\__ \
                                  |_|\_|___| |_|   \_/\_/ \___/|_|_\_|\_\___/



admin connected from 10.91.124.96 using ssh on CPE26-sathish
[?7hadmin@CPE26-sathish-cli> 
2018-03-05 17:28:35,096 - netmiko - DEBUG - read_channel: 
2018-03-05 17:28:35,096 - netmiko - DEBUG - write_channel: 

2018-03-05 17:28:35,197 - netmiko - DEBUG - read_channel: 
admin@CPE26-sathish-cli> 
2018-03-05 17:28:35,297 - netmiko - DEBUG - read_channel: 
2018-03-05 17:28:35,398 - netmiko - DEBUG - read_channel: 
2018-03-05 17:28:35,398 - netmiko - DEBUG - In disable_paging
2018-03-05 17:28:35,398 - netmiko - DEBUG - Command: set screen length 0

2018-03-05 17:28:35,399 - netmiko - DEBUG - write_channel: set screen length 0

2018-03-05 17:28:35,399 - netmiko - DEBUG - Pattern is: admin\@CPE26\-sathish\-cli
2018-03-05 17:28:35,400 - netmiko - DEBUG - _read_channel_expect read_data: set
2018-03-05 17:28:35,501 - netmiko - DEBUG - _read_channel_expect read_data:  screen
2018-03-05 17:28:35,601 - netmiko - DEBUG - _read_channel_expect read_data:  length 0

2018-03-05 17:28:35,702 - netmiko - DEBUG - _read_channel_expect read_data: [ok][2018-03-05 11:56:14]
admin@CPE26-sathish-cli> 
2018-03-05 17:28:35,702 - netmiko - DEBUG - Pattern found: admin\@CPE26\-sathish\-cli set screen length 0
[ok][2018-03-05 11:56:14]
admin@CPE26-sathish-cli> 
2018-03-05 17:28:35,702 - netmiko - DEBUG - set screen length 0
[ok][2018-03-05 11:56:14]
admin@CPE26-sathish-cli> 
2018-03-05 17:28:35,703 - netmiko - DEBUG - Exiting disable_paging
2018-03-05 17:28:35,703 - netmiko - DEBUG - write_channel: set screen width 0

2018-03-05 17:28:35,703 - netmiko - DEBUG - Pattern is: admin\@CPE26\-sathish\-cli
2018-03-05 17:28:35,705 - netmiko - DEBUG - _read_channel_expect read_data: set
2018-03-05 17:28:35,805 - netmiko - DEBUG - _read_channel_expect read_data:  screen
2018-03-05 17:28:35,906 - netmiko - DEBUG - _read_channel_expect read_data:  width 0

2018-03-05 17:28:36,006 - netmiko - DEBUG - _read_channel_expect read_data: [ok][2018-03-05 11:56:15]
admin@CPE26-sathish-cli> 
2018-03-05 17:28:36,006 - netmiko - DEBUG - Pattern found: admin\@CPE26\-sathish\-cli set screen width 0
[ok][2018-03-05 11:56:15]
admin@CPE26-sathish-cli> 
2018-03-05 17:28:36,307 - netmiko - DEBUG - read_channel: 
2018-03-05 17:28:41,312 - netmiko - DEBUG - read_channel: 
2018-03-05 17:28:41,313 - netmiko - DEBUG - write_channel: 

2018-03-05 17:28:41,413 - netmiko - DEBUG - read_channel: 
admin@CPE26-sathish-cli> 
2018-03-05 17:28:41,514 - netmiko - DEBUG - read_channel: 
2018-03-05 17:28:41,514 - root - DEBUG - <netmiko.versa.versa_ssh.VersaSSH object at 0x7f037bb589d0> connection opened
2018-03-05 17:28:41,584 - paramiko.transport - DEBUG - EOF in transport thread
2018-03-05 17:28:41,629 - netmiko - DEBUG - read_channel: 
2018-03-05 17:28:41,629 - netmiko - DEBUG - write_channel: 

2018-03-05 17:28:41,730 - netmiko - DEBUG - read_channel: 
admin@CPE26-sathish-cli> 
2018-03-05 17:28:41,830 - netmiko - DEBUG - read_channel: 
2018-03-05 17:28:42,031 - netmiko - DEBUG - read_channel: 
2018-03-05 17:28:42,032 - netmiko - DEBUG - write_channel: show system package-info | tab

2018-03-05 17:28:42,032 - netmiko - DEBUG - read_channel: 
2018-03-05 17:28:42,233 - netmiko - DEBUG - read_channel: show system package-info | tab

2018-03-05 17:28:42,233 - netmiko - DEBUG - read_channel: 
2018-03-05 17:28:42,433 - netmiko - DEBUG - read_channel: PACKAGE                                                                                     BUILD                     
ID       MAJOR  MINOR  DATE      PACKAGE NAME                                      RELTYPE  TYPE   BRANCH    CREATOR  
----------------------------------------------------------------------------------------------------------------------
e51d9e9  16     1      20171107  versa-flexvnf-20171107-024119-e51d9e9-16.1R1-wsm  R1       S3.3   16.1R1S3  jenkins  

[ok][2018-03-05 11:56:21]
admin@CPE26-sathish-cli> 
2018-03-05 17:28:42,434 - root - DEBUG - PACKAGE                                                                                     BUILD                     
ID       MAJOR  MINOR  DATE      PACKAGE NAME                                      RELTYPE  TYPE   BRANCH    CREATOR  
----------------------------------------------------------------------------------------------------------------------
e51d9e9  16     1      20171107  versa-flexvnf-20171107-024119-e51d9e9-16.1R1-wsm  R1       S3.3   16.1R1S3  jenkins  

[ok][2018-03-05 11:56:21]
2018-03-05 17:28:42,436 - paramiko.transport - DEBUG - starting thread (client mode): 0x7b6e1cd0L
2018-03-05 17:28:42,437 - paramiko.transport - DEBUG - Local version/idstring: SSH-2.0-paramiko_1.16.0
2018-03-05 17:28:42,454 - paramiko.transport - DEBUG - Remote version/idstring: SSH-2.0-OpenSSH_6.6.1p1 Ubuntu-2ubuntu2.8
2018-03-05 17:28:42,455 - paramiko.transport - INFO - Connected (version 2.0, client OpenSSH_6.6.1p1)
2018-03-05 17:28:42,456 - paramiko.transport - DEBUG - kex algos:[u'curve25519-sha256@libssh.org', u'ecdh-sha2-nistp256', u'ecdh-sha2-nistp384', u'ecdh-sha2-nistp521', u'diffie-hellman-group-exchange-sha256', u'diffie-hellman-group-exchange-sha1', u'diffie-hellman-group14-sha1', u'diffie-hellman-group1-sha1'] server key:[u'ssh-rsa', u'ssh-dss', u'ecdsa-sha2-nistp256', u'ssh-ed25519'] client encrypt:[u'aes128-ctr', u'aes192-ctr', u'aes256-ctr', u'arcfour256', u'arcfour128', u'arcfour'] server encrypt:[u'aes128-ctr', u'aes192-ctr', u'aes256-ctr', u'arcfour256', u'arcfour128', u'arcfour'] client mac:[u'hmac-sha1', u'hmac-ripemd160'] server mac:[u'hmac-sha1', u'hmac-ripemd160'] client compress:[u'none', u'zlib@openssh.com'] server compress:[u'none', u'zlib@openssh.com'] client lang:[u''] server lang:[u''] kex follows?False
2018-03-05 17:28:42,456 - paramiko.transport - DEBUG - Kex agreed: diffie-hellman-group1-sha1
2018-03-05 17:28:42,456 - paramiko.transport - DEBUG - Cipher agreed: aes128-ctr
2018-03-05 17:28:42,456 - paramiko.transport - DEBUG - MAC agreed: hmac-sha1
2018-03-05 17:28:42,457 - paramiko.transport - DEBUG - Compression agreed: none
2018-03-05 17:28:42,517 - paramiko.transport - DEBUG - kex engine KexGroup1 specified hash_algo <built-in function openssl_sha1>
2018-03-05 17:28:42,518 - paramiko.transport - DEBUG - Switch to new keys ...
2018-03-05 17:28:42,537 - paramiko.transport - DEBUG - Adding ssh-rsa host key for 10.91.116.233: 525b3b2d4abf7dea1d16a467eab12379
2018-03-05 17:28:42,557 - paramiko.transport - DEBUG - userauth is OK
2018-03-05 17:28:42,595 - paramiko.transport - INFO - Authentication (password) successful!
2018-03-05 17:28:42,602 - paramiko.transport - DEBUG - [chan 0] Max packet in: 32768 bytes
2018-03-05 17:28:42,610 - paramiko.transport - DEBUG - [chan 0] Max packet out: 32768 bytes
2018-03-05 17:28:42,611 - paramiko.transport - DEBUG - Secsh channel 0 opened.
2018-03-05 17:28:42,620 - paramiko.transport - DEBUG - [chan 0] Sesch channel 0 request ok
2018-03-05 17:28:42,623 - paramiko.transport - DEBUG - [chan 0] Sesch channel 0 request ok
2018-03-05 17:28:43,724 - netmiko - DEBUG - read_channel:              .---.,
            (      ``.
       _     \        )    __      ________ _____   _____
      (  `.   \      /     \ \    / /  ____|  __ \ / ____|  /\
       \    `. )    /       \ \  / /| |__  | |__) | (___   /  \
        \     |    /         \ \/ / |  __| |  _  / \___ \ / /\ \
         \    |   /           \  /  | |____| | \ \ ____) / ____ \
          \   |  /             \/   |______|_|  \_\_____/_/    \_\
           \  | /
            \_|/                     ___ _    _____  ___   ___  _ ___
                                    | __| |  | __\ \/ | \ / / \| | __|
                                    | _|| |__| _| >  < \ V /| .` | _|
                                    |_| |____|___/_/\_\ \_/ |_|\_|_|


Versa FlexVNF software
Release     :	16.1R1 (S3.3)
Release date:	20171107
Package ID  :	e51d9e9	

Last login: Mon Mar  5 11:56:10 2018 from 10.91.124.96
admin@CPE26-sathish:~$ 
2018-03-05 17:28:43,825 - netmiko - DEBUG - read_channel: 
2018-03-05 17:28:45,827 - netmiko - DEBUG - read_channel: 
2018-03-05 17:28:45,828 - netmiko - DEBUG - write_channel: 

2018-03-05 17:28:45,929 - netmiko - DEBUG - read_channel: 
admin@CPE26-sathish:~$ 
2018-03-05 17:28:45,929 - netmiko - DEBUG - write_channel: cli

2018-03-05 17:28:46,230 - netmiko - DEBUG - read_channel: cli


             .---.,
            (      ``.
       _     \        )    __      ________ _____   _____
      (  `.   \      /     \ \    / /  ____|  __ \ / ____|  /\
       \    `. )    /       \ \  / /| |__  | |__) | (___   /  \
        \     |    /         \ \/ / |  __| |  _  / \___ \ / /\ \
         \    |   /           \  /  | |____| | \ \ ____) / ____ \
          \   |  /             \/   |______|_|  \_\_____/_/    \_\
           \  | /
            \_|/                   _  _ ___ _______      _____  ___ _  _____
                                  | \| | __|_   _\ \    / / _ \| _ \ |/ / __|
                                  | .` | _|  | |  \ \/\/ / (_) |   / ' <\__ \
                                  |_|\_|___| |_|   \_/\_/ \___/|_|_\_|\_\___/



admin connected from 10.91.124.96 using ssh on CPE26-sathish
[?7hadmin@CPE26-sathish-cli> 
2018-03-05 17:28:46,230 - netmiko - DEBUG - read_channel: 
2018-03-05 17:28:46,231 - netmiko - DEBUG - write_channel: 

2018-03-05 17:28:46,331 - netmiko - DEBUG - read_channel: 
admin@CPE26-sathish-cli> 
2018-03-05 17:28:46,431 - netmiko - DEBUG - read_channel: 
2018-03-05 17:28:46,532 - netmiko - DEBUG - read_channel: 
2018-03-05 17:28:46,532 - netmiko - DEBUG - In disable_paging
2018-03-05 17:28:46,532 - netmiko - DEBUG - Command: set screen length 0

2018-03-05 17:28:46,533 - netmiko - DEBUG - write_channel: set screen length 0

2018-03-05 17:28:46,533 - netmiko - DEBUG - Pattern is: admin\@CPE26\-sathish\-cli
2018-03-05 17:28:46,534 - netmiko - DEBUG - _read_channel_expect read_data: set
2018-03-05 17:28:46,635 - netmiko - DEBUG - _read_channel_expect read_data:  screen
2018-03-05 17:28:46,736 - netmiko - DEBUG - _read_channel_expect read_data:  length 0

2018-03-05 17:28:46,836 - netmiko - DEBUG - _read_channel_expect read_data: [ok][2018-03-05 11:56:25]
admin@CPE26-sathish-cli> 
2018-03-05 17:28:46,837 - netmiko - DEBUG - Pattern found: admin\@CPE26\-sathish\-cli set screen length 0
[ok][2018-03-05 11:56:25]
admin@CPE26-sathish-cli> 
2018-03-05 17:28:46,837 - netmiko - DEBUG - set screen length 0
[ok][2018-03-05 11:56:25]
admin@CPE26-sathish-cli> 
2018-03-05 17:28:46,837 - netmiko - DEBUG - Exiting disable_paging
2018-03-05 17:28:46,838 - netmiko - DEBUG - write_channel: set screen width 0

2018-03-05 17:28:46,838 - netmiko - DEBUG - Pattern is: admin\@CPE26\-sathish\-cli
2018-03-05 17:28:46,841 - netmiko - DEBUG - _read_channel_expect read_data: set
2018-03-05 17:28:46,942 - netmiko - DEBUG - _read_channel_expect read_data:  screen
2018-03-05 17:28:47,042 - netmiko - DEBUG - _read_channel_expect read_data:  width 0

2018-03-05 17:28:47,143 - netmiko - DEBUG - _read_channel_expect read_data: [ok][2018-03-05 11:56:26]
admin@CPE26-sathish-cli> 
2018-03-05 17:28:47,143 - netmiko - DEBUG - Pattern found: admin\@CPE26\-sathish\-cli set screen width 0
[ok][2018-03-05 11:56:26]
admin@CPE26-sathish-cli> 
2018-03-05 17:28:47,444 - netmiko - DEBUG - read_channel: 
2018-03-05 17:28:52,445 - netmiko - DEBUG - read_channel: 
2018-03-05 17:28:52,446 - netmiko - DEBUG - write_channel: 

2018-03-05 17:28:52,546 - netmiko - DEBUG - read_channel: 
admin@CPE26-sathish-cli> 
2018-03-05 17:28:52,647 - netmiko - DEBUG - read_channel: 
2018-03-05 17:28:52,647 - root - DEBUG - <netmiko.versa.versa_ssh.VersaSSH object at 0x7f037b6e1990> connection opened
2018-03-05 17:28:52,737 - paramiko.transport - DEBUG - EOF in transport thread
2018-03-05 17:28:52,761 - netmiko - DEBUG - read_channel: 
2018-03-05 17:28:52,762 - netmiko - DEBUG - write_channel: 

2018-03-05 17:28:52,862 - netmiko - DEBUG - read_channel: 
admin@CPE26-sathish-cli> 
2018-03-05 17:28:52,963 - netmiko - DEBUG - read_channel: 
2018-03-05 17:28:53,164 - netmiko - DEBUG - read_channel: 
2018-03-05 17:28:53,164 - netmiko - DEBUG - write_channel: show system package-info | tab

2018-03-05 17:28:53,164 - netmiko - DEBUG - read_channel: 
2018-03-05 17:28:53,365 - netmiko - DEBUG - read_channel: show system package-info
2018-03-05 17:28:53,365 - netmiko - DEBUG - read_channel: 
2018-03-05 17:28:53,566 - netmiko - DEBUG - read_channel:  | tab
PACKAGE                                                                                     BUILD                     
ID       MAJOR  MINOR  DATE      PACKAGE NAME                                      RELTYPE  TYPE   BRANCH    CREATOR  
----------------------------------------------------------------------------------------------------------------------
e51d9e9  16     1      20171107  versa-flexvnf-20171107-024119-e51d9e9-16.1R1-wsm  R1       S3.3   16.1R1S3  jenkins  

[ok][2018-03-05 11:56:32]
admin@CPE26-sathish-cli> 
2018-03-05 17:28:53,566 - root - DEBUG - PACKAGE                                                                                     BUILD                     
ID       MAJOR  MINOR  DATE      PACKAGE NAME                                      RELTYPE  TYPE   BRANCH    CREATOR  
----------------------------------------------------------------------------------------------------------------------
e51d9e9  16     1      20171107  versa-flexvnf-20171107-024119-e51d9e9-16.1R1-wsm  R1       S3.3   16.1R1S3  jenkins  

[ok][2018-03-05 11:56:32]
2018-03-05 17:28:53,567 - root - DEBUG - ++++++++++++++++++++++++++++++++++++++++++++++++++++++++++++++++++++++++++++++++++++++++++++++++++++++++
2018-03-05 17:28:53,567 - root - DEBUG - ++++++++++++++++++++++++++++++++++++++++ UPGRADE SUMMARY REPORT ++++++++++++++++++++++++++++++++++++++++
2018-03-05 17:28:53,567 - root - DEBUG - ++++++++++++++++++++++++++++++++++++++++++++++++++++++++++++++++++++++++++++++++++++++++++++++++++++++++
2018-03-05 17:28:53,567 - root - DEBUG - CPE26-sathish>--->FAILED - same package already available
2018-03-05 17:28:53,567 - root - DEBUG - CPE27-sathish>--->FAILED - same package already available
2018-03-05 17:28:53,567 - root - DEBUG - ++++++++++++++++++++++++++++++++++++++++++++++++++++++++++++++++++++++++++++++++++++++++++++++++++++++++
2018-03-05 17:28:53,653 - paramiko.transport - DEBUG - EOF in transport thread
