2018-03-05 17:27:22,686 - root - DEBUG - SCRIPT STARTED
2018-03-05 17:27:22,725 - paramiko.transport - DEBUG - starting thread (client mode): 0xfea6c5d0L
2018-03-05 17:27:22,726 - paramiko.transport - DEBUG - Local version/idstring: SSH-2.0-paramiko_1.16.0
2018-03-05 17:27:22,745 - paramiko.transport - DEBUG - Remote version/idstring: SSH-2.0-OpenSSH_6.6.1p1 Ubuntu-2ubuntu2.8
2018-03-05 17:27:22,746 - paramiko.transport - INFO - Connected (version 2.0, client OpenSSH_6.6.1p1)
2018-03-05 17:27:22,747 - paramiko.transport - DEBUG - kex algos:[u'curve25519-sha256@libssh.org', u'ecdh-sha2-nistp256', u'ecdh-sha2-nistp384', u'ecdh-sha2-nistp521', u'diffie-hellman-group-exchange-sha256', u'diffie-hellman-group-exchange-sha1', u'diffie-hellman-group14-sha1', u'diffie-hellman-group1-sha1'] server key:[u'ssh-rsa', u'ssh-dss', u'ecdsa-sha2-nistp256', u'ssh-ed25519'] client encrypt:[u'aes128-ctr', u'aes192-ctr', u'aes256-ctr', u'arcfour256', u'arcfour128', u'arcfour'] server encrypt:[u'aes128-ctr', u'aes192-ctr', u'aes256-ctr', u'arcfour256', u'arcfour128', u'arcfour'] client mac:[u'hmac-sha1', u'hmac-ripemd160'] server mac:[u'hmac-sha1', u'hmac-ripemd160'] client compress:[u'none', u'zlib@openssh.com'] server compress:[u'none', u'zlib@openssh.com'] client lang:[u''] server lang:[u''] kex follows?False
2018-03-05 17:27:22,747 - paramiko.transport - DEBUG - Kex agreed: diffie-hellman-group1-sha1
2018-03-05 17:27:22,747 - paramiko.transport - DEBUG - Cipher agreed: aes128-ctr
2018-03-05 17:27:22,748 - paramiko.transport - DEBUG - MAC agreed: hmac-sha1
2018-03-05 17:27:22,748 - paramiko.transport - DEBUG - Compression agreed: none
2018-03-05 17:27:22,806 - paramiko.transport - DEBUG - kex engine KexGroup1 specified hash_algo <built-in function openssl_sha1>
2018-03-05 17:27:22,807 - paramiko.transport - DEBUG - Switch to new keys ...
2018-03-05 17:27:22,826 - paramiko.transport - DEBUG - Adding ssh-rsa host key for 10.91.116.233: 525b3b2d4abf7dea1d16a467eab12379
2018-03-05 17:27:22,844 - paramiko.transport - DEBUG - userauth is OK
2018-03-05 17:27:22,882 - paramiko.transport - INFO - Authentication (password) successful!
2018-03-05 17:27:22,892 - paramiko.transport - DEBUG - [chan 0] Max packet in: 32768 bytes
2018-03-05 17:27:22,901 - paramiko.transport - DEBUG - [chan 0] Max packet out: 32768 bytes
2018-03-05 17:27:22,901 - paramiko.transport - DEBUG - Secsh channel 0 opened.
2018-03-05 17:27:22,910 - paramiko.transport - DEBUG - [chan 0] Sesch channel 0 request ok
2018-03-05 17:27:22,912 - paramiko.transport - DEBUG - [chan 0] Sesch channel 0 request ok
2018-03-05 17:27:24,013 - netmiko - DEBUG - read_channel:              .---.,
            (      ``.
       _     \        )    __      ________ _____   _____
      (  `.   \      /     \ \    / /  ____|  __ \ / ____|  /\
       \    `. )    /       \ \  / /| |__  | |__) | (___   /  \
        \     |    /         \ \/ / |  __| |  _  / \___ \ / /\ \
         \    |   /           \  /  | |____| | \ \ ____) / ____ \
          \   |  /             \/   |______|_|  \_\_____/_/    \_\
           \  | /
            \_|/                     ___ _    _____  ___   ___  _ ___
                                    | __| |  | __\ \/ | \ / / \| | __|
                                    | _|| |__| _| >  < \ V /| .` | _|
                                    |_| |____|___/_/\_\ \_/ |_|\_|_|


Versa FlexVNF software
Release     :	16.1R1 (S3.3)
Release date:	20171107
Package ID  :	e51d9e9	

Last login: Mon Mar  5 11:53:01 2018 from 10.91.124.96
admin@CPE26-sathish:~$ 
2018-03-05 17:27:24,114 - netmiko - DEBUG - read_channel: 
2018-03-05 17:27:26,116 - netmiko - DEBUG - read_channel: 
2018-03-05 17:27:26,117 - netmiko - DEBUG - write_channel: 

2018-03-05 17:27:26,217 - netmiko - DEBUG - read_channel: 
admin@CPE26-sathish:~$ 
2018-03-05 17:27:26,218 - netmiko - DEBUG - write_channel: cli

2018-03-05 17:27:26,519 - netmiko - DEBUG - read_channel: cli

2018-03-05 17:27:26,519 - netmiko - DEBUG - read_channel: 
2018-03-05 17:27:26,520 - netmiko - DEBUG - write_channel: 

2018-03-05 17:27:26,620 - netmiko - DEBUG - read_channel: 
2018-03-05 17:27:26,620 - netmiko - DEBUG - read_channel: 
2018-03-05 17:27:26,621 - netmiko - DEBUG - write_channel: 

2018-03-05 17:27:26,722 - netmiko - DEBUG - read_channel: 
2018-03-05 17:27:26,722 - netmiko - DEBUG - write_channel: 

2018-03-05 17:27:26,822 - netmiko - DEBUG - read_channel: 
2018-03-05 17:27:26,823 - netmiko - DEBUG - write_channel: 

2018-03-05 17:27:26,923 - netmiko - DEBUG - read_channel: 
2018-03-05 17:27:26,924 - netmiko - DEBUG - write_channel: 

2018-03-05 17:27:27,025 - netmiko - DEBUG - read_channel: 

             .---.,
            (      ``.
       _     \        )    __      ________ _____   _____
      (  `.   \      /     \ \    / /  ____|  __ \ / ____|  /\
       \    `. )    /       \ \  / /| |__  | |__) | (___   /  \
        \     |    /         \ \/ / |  __| |  _  / \___ \ / /\ \
         \    |   /           \  /  | |____| | \ \ ____) / ____ \
          \   |  /             \/   |______|_|  \_\_____/_/    \_\
           \  | /
            \_|/                   _  _ ___ _______      _____  ___ _  _____
                                  | \| | __|_   _\ \    / / _ \| _ \ |/ / __|
                                  | .` | _|  | |  \ \/\/ / (_) |   / ' <\__ \
                                  |_|\_|___| |_|   \_/\_/ \___/|_|_\_|\_\___/



admin connected from 10.91.124.96 using ssh on CPE26-sathish
[?7hadmin@CPE26-sathish-cli> 

2018-03-05 17:27:27,126 - netmiko - DEBUG - read_channel: admin@CPE26-sathish-cli> 
admin@CPE26-sathish-cli> 

2018-03-05 17:27:27,226 - netmiko - DEBUG - read_channel: admin@CPE26-sathish-cli> 
admin@CPE26-sathish-cli> 

2018-03-05 17:27:27,227 - netmiko - DEBUG - In disable_paging
2018-03-05 17:27:27,227 - netmiko - DEBUG - Command: set screen length 0

2018-03-05 17:27:27,227 - netmiko - DEBUG - write_channel: set screen length 0

2018-03-05 17:27:27,227 - netmiko - DEBUG - Pattern is: \\[\?7hadmin\@CPE26\-sathish\-cli
2018-03-05 17:27:27,291 - netmiko - DEBUG - _read_channel_expect read_data: admin@CPE26-sathish-cli> set
2018-03-05 17:27:27,857 - netmiko - DEBUG - _read_channel_expect read_data:  
2018-03-05 17:27:27,958 - netmiko - DEBUG - _read_channel_expect read_data: screen
2018-03-05 17:27:28,172 - netmiko - DEBUG - _read_channel_expect read_data:  length
2018-03-05 17:27:28,487 - netmiko - DEBUG - _read_channel_expect read_data:  0

2018-03-05 17:27:28,587 - netmiko - DEBUG - _read_channel_expect read_data: [ok][2018-03-05 11:55:07]
admin@CPE26-sathish-cli> 
2018-03-05 17:27:36,729 - paramiko.transport - DEBUG - EOF in transport thread
