2018-03-05 17:40:52,697 - root - DEBUG - SCRIPT STARTED
2018-03-05 17:40:52,722 - paramiko.transport - DEBUG - starting thread (client mode): 0xd7c755d0L
2018-03-05 17:40:52,722 - paramiko.transport - DEBUG - Local version/idstring: SSH-2.0-paramiko_1.16.0
2018-03-05 17:40:52,733 - paramiko.transport - DEBUG - Remote version/idstring: SSH-2.0-OpenSSH_6.6.1p1 Ubuntu-2ubuntu2.8
2018-03-05 17:40:52,733 - paramiko.transport - INFO - Connected (version 2.0, client OpenSSH_6.6.1p1)
2018-03-05 17:40:52,734 - paramiko.transport - DEBUG - kex algos:[u'curve25519-sha256@libssh.org', u'ecdh-sha2-nistp256', u'ecdh-sha2-nistp384', u'ecdh-sha2-nistp521', u'diffie-hellman-group-exchange-sha256', u'diffie-hellman-group-exchange-sha1', u'diffie-hellman-group14-sha1', u'diffie-hellman-group1-sha1'] server key:[u'ssh-rsa', u'ssh-dss', u'ecdsa-sha2-nistp256', u'ssh-ed25519'] client encrypt:[u'aes128-ctr', u'aes192-ctr', u'aes256-ctr', u'arcfour256', u'arcfour128', u'arcfour'] server encrypt:[u'aes128-ctr', u'aes192-ctr', u'aes256-ctr', u'arcfour256', u'arcfour128', u'arcfour'] client mac:[u'hmac-sha1', u'hmac-ripemd160'] server mac:[u'hmac-sha1', u'hmac-ripemd160'] client compress:[u'none', u'zlib@openssh.com'] server compress:[u'none', u'zlib@openssh.com'] client lang:[u''] server lang:[u''] kex follows?False
2018-03-05 17:40:52,735 - paramiko.transport - DEBUG - Kex agreed: diffie-hellman-group1-sha1
2018-03-05 17:40:52,735 - paramiko.transport - DEBUG - Cipher agreed: aes128-ctr
2018-03-05 17:40:52,735 - paramiko.transport - DEBUG - MAC agreed: hmac-sha1
2018-03-05 17:40:52,735 - paramiko.transport - DEBUG - Compression agreed: none
2018-03-05 17:40:52,797 - paramiko.transport - DEBUG - kex engine KexGroup1 specified hash_algo <built-in function openssl_sha1>
2018-03-05 17:40:52,798 - paramiko.transport - DEBUG - Switch to new keys ...
2018-03-05 17:40:52,823 - paramiko.transport - DEBUG - Adding ssh-rsa host key for 10.91.116.233: 525b3b2d4abf7dea1d16a467eab12379
2018-03-05 17:40:52,835 - paramiko.transport - DEBUG - userauth is OK
2018-03-05 17:40:52,874 - paramiko.transport - INFO - Authentication (password) successful!
2018-03-05 17:40:52,888 - paramiko.transport - DEBUG - [chan 0] Max packet in: 32768 bytes
2018-03-05 17:40:52,890 - paramiko.transport - DEBUG - [chan 0] Max packet out: 32768 bytes
2018-03-05 17:40:52,890 - paramiko.transport - DEBUG - Secsh channel 0 opened.
2018-03-05 17:40:52,893 - paramiko.transport - DEBUG - [chan 0] Sesch channel 0 request ok
2018-03-05 17:40:52,895 - paramiko.transport - DEBUG - [chan 0] Sesch channel 0 request ok
2018-03-05 17:40:53,997 - netmiko - DEBUG - read_channel:              .---.,
            (      ``.
       _     \        )    __      ________ _____   _____
      (  `.   \      /     \ \    / /  ____|  __ \ / ____|  /\
       \    `. )    /       \ \  / /| |__  | |__) | (___   /  \
        \     |    /         \ \/ / |  __| |  _  / \___ \ / /\ \
         \    |   /           \  /  | |____| | \ \ ____) / ____ \
          \   |  /             \/   |______|_|  \_\_____/_/    \_\
           \  | /
            \_|/                     ___ _    _____  ___   ___  _ ___
                                    | __| |  | __\ \/ | \ / / \| | __|
                                    | _|| |__| _| >  < \ V /| .` | _|
                                    |_| |____|___/_/\_\ \_/ |_|\_|_|


Versa FlexVNF software
Release     :	16.1R1 (S3.1)
Release date:	20171013
Package ID  :	7774a5a	

Last login: Mon Mar  5 12:07:58 2018 from 10.91.124.96
admin@CPE26-sathish:~$ 
2018-03-05 17:40:54,098 - netmiko - DEBUG - read_channel: 
2018-03-05 17:40:56,100 - netmiko - DEBUG - read_channel: 
2018-03-05 17:40:56,101 - netmiko - DEBUG - write_channel: 

2018-03-05 17:40:56,202 - netmiko - DEBUG - read_channel: 
admin@CPE26-sathish:~$ 
2018-03-05 17:40:56,202 - netmiko - DEBUG - write_channel: cli

2018-03-05 17:40:56,503 - netmiko - DEBUG - read_channel: cli


             .---.,
            (      ``.
       _     \        )    __      ________ _____   _____
      (  `.   \      /     \ \    / /  ____|  __ \ / ____|  /\
       \    `. )    /       \ \  / /| |__  | |__) | (___   /  \
        \     |    /         \ \/ / |  __| |  _  / \___ \ / /\ \
         \    |   /           \  /  | |____| | \ \ ____) / ____ \
          \   |  /             \/   |______|_|  \_\_____/_/    \_\
           \  | /
            \_|/                   _  _ ___ _______      _____  ___ _  _____
                                  | \| | __|_   _\ \    / / _ \| _ \ |/ / __|
                                  | .` | _|  | |  \ \/\/ / (_) |   / ' <\__ \
                                  |_|\_|___| |_|   \_/\_/ \___/|_|_\_|\_\___/



admin connected from 10.91.124.96 using ssh on CPE26-sathish
[?7hadmin@CPE26-sathish-cli> 
2018-03-05 17:40:56,503 - netmiko - DEBUG - read_channel: 
2018-03-05 17:40:56,504 - netmiko - DEBUG - write_channel: 

2018-03-05 17:40:56,604 - netmiko - DEBUG - read_channel: 
admin@CPE26-sathish-cli> 
2018-03-05 17:40:56,705 - netmiko - DEBUG - read_channel: 
2018-03-05 17:40:56,806 - netmiko - DEBUG - read_channel: 
2018-03-05 17:40:56,806 - netmiko - DEBUG - In disable_paging
2018-03-05 17:40:56,807 - netmiko - DEBUG - Command: set screen length 0

2018-03-05 17:40:56,807 - netmiko - DEBUG - write_channel: set screen length 0

2018-03-05 17:40:56,808 - netmiko - DEBUG - Pattern is: admin\@CPE26\-sathish\-cli
2018-03-05 17:40:56,809 - netmiko - DEBUG - _read_channel_expect read_data: set
2018-03-05 17:40:56,910 - netmiko - DEBUG - _read_channel_expect read_data:  screen
2018-03-05 17:40:57,011 - netmiko - DEBUG - _read_channel_expect read_data:  length 0

2018-03-05 17:40:57,111 - netmiko - DEBUG - _read_channel_expect read_data: [ok][2018-03-05 12:08:36]
admin@CPE26-sathish-cli> 
2018-03-05 17:40:57,112 - netmiko - DEBUG - Pattern found: admin\@CPE26\-sathish\-cli set screen length 0
[ok][2018-03-05 12:08:36]
admin@CPE26-sathish-cli> 
2018-03-05 17:40:57,112 - netmiko - DEBUG - set screen length 0
[ok][2018-03-05 12:08:36]
admin@CPE26-sathish-cli> 
2018-03-05 17:40:57,112 - netmiko - DEBUG - Exiting disable_paging
2018-03-05 17:40:57,112 - netmiko - DEBUG - write_channel: set screen width 0

2018-03-05 17:40:57,113 - netmiko - DEBUG - Pattern is: admin\@CPE26\-sathish\-cli
2018-03-05 17:40:57,114 - netmiko - DEBUG - _read_channel_expect read_data: set
2018-03-05 17:40:57,214 - netmiko - DEBUG - _read_channel_expect read_data:  screen
2018-03-05 17:40:57,315 - netmiko - DEBUG - _read_channel_expect read_data:  width 0

2018-03-05 17:40:57,416 - netmiko - DEBUG - _read_channel_expect read_data: [ok][2018-03-05 12:08:36]
admin@CPE26-sathish-cli> 
2018-03-05 17:40:57,416 - netmiko - DEBUG - Pattern found: admin\@CPE26\-sathish\-cli set screen width 0
[ok][2018-03-05 12:08:36]
admin@CPE26-sathish-cli> 
2018-03-05 17:40:57,717 - netmiko - DEBUG - read_channel: 
2018-03-05 17:41:02,721 - netmiko - DEBUG - read_channel: 
2018-03-05 17:41:02,722 - netmiko - DEBUG - write_channel: 

2018-03-05 17:41:02,822 - netmiko - DEBUG - read_channel: 
admin@CPE26-sathish-cli> 
2018-03-05 17:41:02,923 - netmiko - DEBUG - read_channel: 
2018-03-05 17:41:02,923 - root - DEBUG - <netmiko.versa.versa_ssh.VersaSSH object at 0x7f17d7c75490> connection opened
2018-03-05 17:41:02,923 - netmiko - DEBUG - read_channel: 
2018-03-05 17:41:02,924 - netmiko - DEBUG - write_channel: 

2018-03-05 17:41:03,024 - netmiko - DEBUG - read_channel: 
admin@CPE26-sathish-cli> 
2018-03-05 17:41:03,124 - netmiko - DEBUG - read_channel: 
2018-03-05 17:41:03,325 - netmiko - DEBUG - read_channel: 
2018-03-05 17:41:03,326 - netmiko - DEBUG - write_channel: show system package-info | tab

2018-03-05 17:41:03,326 - netmiko - DEBUG - read_channel: 
2018-03-05 17:41:03,527 - netmiko - DEBUG - read_channel: show system package-info
2018-03-05 17:41:03,527 - netmiko - DEBUG - read_channel: 
2018-03-05 17:41:03,728 - netmiko - DEBUG - read_channel:  | tab
PACKAGE                                                                                     BUILD                     
ID       MAJOR  MINOR  DATE      PACKAGE NAME                                      RELTYPE  TYPE   BRANCH    CREATOR  
----------------------------------------------------------------------------------------------------------------------
7774a5a  16     1      20171013  versa-flexvnf-20171013-152148-7774a5a-16.1R1-wsm  R1       S3.1   16.1R1S3  jenkins  

[ok][2018-03-05 12:08:42]
admin@CPE26-sathish-cli> 
2018-03-05 17:41:03,729 - root - DEBUG - PACKAGE                                                                                     BUILD                     
ID       MAJOR  MINOR  DATE      PACKAGE NAME                                      RELTYPE  TYPE   BRANCH    CREATOR  
----------------------------------------------------------------------------------------------------------------------
7774a5a  16     1      20171013  versa-flexvnf-20171013-152148-7774a5a-16.1R1-wsm  R1       S3.1   16.1R1S3  jenkins  

[ok][2018-03-05 12:08:42]
2018-03-05 17:41:03,732 - paramiko.transport - DEBUG - starting thread (client mode): 0xd77fe990L
2018-03-05 17:41:03,732 - paramiko.transport - DEBUG - Local version/idstring: SSH-2.0-paramiko_1.16.0
2018-03-05 17:41:03,745 - paramiko.transport - DEBUG - Remote version/idstring: SSH-2.0-OpenSSH_6.6.1p1 Ubuntu-2ubuntu2.8
2018-03-05 17:41:03,746 - paramiko.transport - INFO - Connected (version 2.0, client OpenSSH_6.6.1p1)
2018-03-05 17:41:03,747 - paramiko.transport - DEBUG - kex algos:[u'curve25519-sha256@libssh.org', u'ecdh-sha2-nistp256', u'ecdh-sha2-nistp384', u'ecdh-sha2-nistp521', u'diffie-hellman-group-exchange-sha256', u'diffie-hellman-group-exchange-sha1', u'diffie-hellman-group14-sha1', u'diffie-hellman-group1-sha1'] server key:[u'ssh-rsa', u'ssh-dss', u'ecdsa-sha2-nistp256', u'ssh-ed25519'] client encrypt:[u'aes128-ctr', u'aes192-ctr', u'aes256-ctr', u'arcfour256', u'arcfour128', u'arcfour'] server encrypt:[u'aes128-ctr', u'aes192-ctr', u'aes256-ctr', u'arcfour256', u'arcfour128', u'arcfour'] client mac:[u'hmac-sha1', u'hmac-ripemd160'] server mac:[u'hmac-sha1', u'hmac-ripemd160'] client compress:[u'none', u'zlib@openssh.com'] server compress:[u'none', u'zlib@openssh.com'] client lang:[u''] server lang:[u''] kex follows?False
2018-03-05 17:41:03,747 - paramiko.transport - DEBUG - Kex agreed: diffie-hellman-group1-sha1
2018-03-05 17:41:03,747 - paramiko.transport - DEBUG - Cipher agreed: aes128-ctr
2018-03-05 17:41:03,747 - paramiko.transport - DEBUG - MAC agreed: hmac-sha1
2018-03-05 17:41:03,747 - paramiko.transport - DEBUG - Compression agreed: none
2018-03-05 17:41:03,821 - paramiko.transport - DEBUG - kex engine KexGroup1 specified hash_algo <built-in function openssl_sha1>
2018-03-05 17:41:03,822 - paramiko.transport - DEBUG - Switch to new keys ...
2018-03-05 17:41:03,833 - paramiko.transport - DEBUG - Adding ssh-rsa host key for 10.91.116.234: 38fcc4d621b4437e86c203baac42f3a2
2018-03-05 17:41:03,859 - paramiko.transport - DEBUG - userauth is OK
2018-03-05 17:41:03,897 - paramiko.transport - INFO - Authentication (password) successful!
2018-03-05 17:41:03,934 - paramiko.transport - DEBUG - [chan 0] Max packet in: 32768 bytes
2018-03-05 17:41:03,935 - paramiko.transport - DEBUG - [chan 0] Max packet out: 32768 bytes
2018-03-05 17:41:03,936 - paramiko.transport - DEBUG - Secsh channel 0 opened.
2018-03-05 17:41:03,940 - paramiko.transport - DEBUG - [chan 0] Sesch channel 0 request ok
2018-03-05 17:41:03,943 - paramiko.transport - DEBUG - [chan 0] Sesch channel 0 request ok
2018-03-05 17:41:05,044 - netmiko - DEBUG - read_channel:              .---.,
            (      ``.
       _     \        )    __      ________ _____   _____
      (  `.   \      /     \ \    / /  ____|  __ \ / ____|  /\
       \    `. )    /       \ \  / /| |__  | |__) | (___   /  \
        \     |    /         \ \/ / |  __| |  _  / \___ \ / /\ \
         \    |   /           \  /  | |____| | \ \ ____) / ____ \
          \   |  /             \/   |______|_|  \_\_____/_/    \_\
           \  | /
            \_|/                     ___ _    _____  ___   ___  _ ___
                                    | __| |  | __\ \/ | \ / / \| | __|
                                    | _|| |__| _| >  < \ V /| .` | _|
                                    |_| |____|___/_/\_\ \_/ |_|\_|_|


Versa FlexVNF software
Release     :	16.1R1 (S3.3)
Release date:	20171107
Package ID  :	e51d9e9	

Last login: Mon Mar  5 11:52:56 2018 from 10.91.124.96
admin@CPE27-sathish:~$ 
2018-03-05 17:41:05,145 - netmiko - DEBUG - read_channel: 
2018-03-05 17:41:07,147 - netmiko - DEBUG - read_channel: 
2018-03-05 17:41:07,148 - netmiko - DEBUG - write_channel: 

2018-03-05 17:41:07,248 - netmiko - DEBUG - read_channel: 
admin@CPE27-sathish:~$ 
2018-03-05 17:41:07,249 - netmiko - DEBUG - write_channel: cli

2018-03-05 17:41:07,550 - netmiko - DEBUG - read_channel: cli


             .---.,
            (      ``.
       _     \        )    __      ________ _____   _____
      (  `.   \      /     \ \    / /  ____|  __ \ / ____|  /\
       \    `. )    /       \ \  / /| |__  | |__) | (___   /  \
        \     |    /         \ \/ / |  __| |  _  / \___ \ / /\ \
         \    |   /           \  /  | |____| | \ \ ____) / ____ \
          \   |  /             \/   |______|_|  \_\_____/_/    \_\
           \  | /
            \_|/                   _  _ ___ _______      _____  ___ _  _____
                                  | \| | __|_   _\ \    / / _ \| _ \ |/ / __|
                                  | .` | _|  | |  \ \/\/ / (_) |   / ' <\__ \
                                  |_|\_|___| |_|   \_/\_/ \___/|_|_\_|\_\___/



admin connected from 10.91.124.96 using ssh on CPE27-sathish
[?7hadmin@CPE27-sathish-cli> 
2018-03-05 17:41:07,550 - netmiko - DEBUG - read_channel: 
2018-03-05 17:41:07,550 - netmiko - DEBUG - write_channel: 

2018-03-05 17:41:07,651 - netmiko - DEBUG - read_channel: 
admin@CPE27-sathish-cli> 
2018-03-05 17:41:07,751 - netmiko - DEBUG - read_channel: 
2018-03-05 17:41:07,852 - netmiko - DEBUG - read_channel: 
2018-03-05 17:41:07,852 - netmiko - DEBUG - In disable_paging
2018-03-05 17:41:07,852 - netmiko - DEBUG - Command: set screen length 0

2018-03-05 17:41:07,853 - netmiko - DEBUG - write_channel: set screen length 0

2018-03-05 17:41:07,853 - netmiko - DEBUG - Pattern is: admin\@CPE27\-sathish\-cli
2018-03-05 17:41:07,855 - netmiko - DEBUG - _read_channel_expect read_data: set
2018-03-05 17:41:07,955 - netmiko - DEBUG - _read_channel_expect read_data:  screen
2018-03-05 17:41:08,056 - netmiko - DEBUG - _read_channel_expect read_data:  length 0

2018-03-05 17:41:08,156 - netmiko - DEBUG - _read_channel_expect read_data: [ok][2018-03-05 12:05:44]
admin@CPE27-sathish-cli> 
2018-03-05 17:41:08,157 - netmiko - DEBUG - Pattern found: admin\@CPE27\-sathish\-cli set screen length 0
[ok][2018-03-05 12:05:44]
admin@CPE27-sathish-cli> 
2018-03-05 17:41:08,157 - netmiko - DEBUG - set screen length 0
[ok][2018-03-05 12:05:44]
admin@CPE27-sathish-cli> 
2018-03-05 17:41:08,157 - netmiko - DEBUG - Exiting disable_paging
2018-03-05 17:41:08,157 - netmiko - DEBUG - write_channel: set screen width 0

2018-03-05 17:41:08,158 - netmiko - DEBUG - Pattern is: admin\@CPE27\-sathish\-cli
2018-03-05 17:41:08,165 - netmiko - DEBUG - _read_channel_expect read_data: set
2018-03-05 17:41:08,266 - netmiko - DEBUG - _read_channel_expect read_data:  screen
2018-03-05 17:41:08,366 - netmiko - DEBUG - _read_channel_expect read_data:  width 0

2018-03-05 17:41:08,467 - netmiko - DEBUG - _read_channel_expect read_data: [ok][2018-03-05 12:05:44]
admin@CPE27-sathish-cli> 
2018-03-05 17:41:08,467 - netmiko - DEBUG - Pattern found: admin\@CPE27\-sathish\-cli set screen width 0
[ok][2018-03-05 12:05:44]
admin@CPE27-sathish-cli> 
2018-03-05 17:41:08,768 - netmiko - DEBUG - read_channel: 
2018-03-05 17:41:13,773 - netmiko - DEBUG - read_channel: 
2018-03-05 17:41:13,774 - netmiko - DEBUG - write_channel: 

2018-03-05 17:41:13,874 - netmiko - DEBUG - read_channel: 
admin@CPE27-sathish-cli> 
2018-03-05 17:41:13,975 - netmiko - DEBUG - read_channel: 
2018-03-05 17:41:13,975 - root - DEBUG - <netmiko.versa.versa_ssh.VersaSSH object at 0x7f17d77fe890> connection opened
2018-03-05 17:41:14,041 - paramiko.transport - DEBUG - EOF in transport thread
2018-03-05 17:41:14,090 - netmiko - DEBUG - read_channel: 
2018-03-05 17:41:14,090 - netmiko - DEBUG - write_channel: 

2018-03-05 17:41:14,191 - netmiko - DEBUG - read_channel: 
admin@CPE27-sathish-cli> 
2018-03-05 17:41:14,291 - netmiko - DEBUG - read_channel: 
2018-03-05 17:41:14,492 - netmiko - DEBUG - read_channel: 
2018-03-05 17:41:14,493 - netmiko - DEBUG - write_channel: show system package-info | tab

2018-03-05 17:41:14,493 - netmiko - DEBUG - read_channel: 
2018-03-05 17:41:14,693 - netmiko - DEBUG - read_channel: show system package-info
2018-03-05 17:41:14,694 - netmiko - DEBUG - read_channel: 
2018-03-05 17:41:14,895 - netmiko - DEBUG - read_channel:  | tab
PACKAGE                                                                                     BUILD                     
ID       MAJOR  MINOR  DATE      PACKAGE NAME                                      RELTYPE  TYPE   BRANCH    CREATOR  
----------------------------------------------------------------------------------------------------------------------
e51d9e9  16     1      20171107  versa-flexvnf-20171107-024119-e51d9e9-16.1R1-wsm  R1       S3.3   16.1R1S3  jenkins  

[ok][2018-03-05 12:05:51]
admin@CPE27-sathish-cli> 
2018-03-05 17:41:14,895 - root - DEBUG - PACKAGE                                                                                     BUILD                     
ID       MAJOR  MINOR  DATE      PACKAGE NAME                                      RELTYPE  TYPE   BRANCH    CREATOR  
----------------------------------------------------------------------------------------------------------------------
e51d9e9  16     1      20171107  versa-flexvnf-20171107-024119-e51d9e9-16.1R1-wsm  R1       S3.3   16.1R1S3  jenkins  

[ok][2018-03-05 12:05:51]
2018-03-05 17:41:14,897 - paramiko.transport - DEBUG - starting thread (client mode): 0xd7c75890L
2018-03-05 17:41:14,898 - paramiko.transport - DEBUG - Local version/idstring: SSH-2.0-paramiko_1.16.0
2018-03-05 17:41:14,911 - paramiko.transport - DEBUG - Remote version/idstring: SSH-2.0-OpenSSH_6.6.1p1 Ubuntu-2ubuntu2.8
2018-03-05 17:41:14,912 - paramiko.transport - INFO - Connected (version 2.0, client OpenSSH_6.6.1p1)
2018-03-05 17:41:14,913 - paramiko.transport - DEBUG - kex algos:[u'curve25519-sha256@libssh.org', u'ecdh-sha2-nistp256', u'ecdh-sha2-nistp384', u'ecdh-sha2-nistp521', u'diffie-hellman-group-exchange-sha256', u'diffie-hellman-group-exchange-sha1', u'diffie-hellman-group14-sha1', u'diffie-hellman-group1-sha1'] server key:[u'ssh-rsa', u'ssh-dss', u'ecdsa-sha2-nistp256', u'ssh-ed25519'] client encrypt:[u'aes128-ctr', u'aes192-ctr', u'aes256-ctr', u'arcfour256', u'arcfour128', u'arcfour'] server encrypt:[u'aes128-ctr', u'aes192-ctr', u'aes256-ctr', u'arcfour256', u'arcfour128', u'arcfour'] client mac:[u'hmac-sha1', u'hmac-ripemd160'] server mac:[u'hmac-sha1', u'hmac-ripemd160'] client compress:[u'none', u'zlib@openssh.com'] server compress:[u'none', u'zlib@openssh.com'] client lang:[u''] server lang:[u''] kex follows?False
2018-03-05 17:41:14,913 - paramiko.transport - DEBUG - Kex agreed: diffie-hellman-group1-sha1
2018-03-05 17:41:14,913 - paramiko.transport - DEBUG - Cipher agreed: aes128-ctr
2018-03-05 17:41:14,914 - paramiko.transport - DEBUG - MAC agreed: hmac-sha1
2018-03-05 17:41:14,914 - paramiko.transport - DEBUG - Compression agreed: none
2018-03-05 17:41:14,977 - paramiko.transport - DEBUG - kex engine KexGroup1 specified hash_algo <built-in function openssl_sha1>
2018-03-05 17:41:14,978 - paramiko.transport - DEBUG - Switch to new keys ...
2018-03-05 17:41:14,999 - paramiko.transport - DEBUG - Adding ssh-rsa host key for 10.91.116.245: b382a2958b4d223d8daf265c7bcc203d
2018-03-05 17:41:15,018 - paramiko.transport - DEBUG - userauth is OK
2018-03-05 17:41:15,059 - paramiko.transport - INFO - Authentication (password) successful!
2018-03-05 17:41:15,064 - paramiko.transport - DEBUG - [chan 0] Max packet in: 32768 bytes
2018-03-05 17:41:15,079 - paramiko.transport - DEBUG - [chan 0] Max packet out: 32768 bytes
2018-03-05 17:41:15,079 - paramiko.transport - DEBUG - Secsh channel 0 opened.
2018-03-05 17:41:15,099 - paramiko.transport - DEBUG - [chan 0] Sesch channel 0 request ok
2018-03-05 17:41:15,102 - paramiko.transport - DEBUG - [chan 0] Sesch channel 0 request ok
2018-03-05 17:41:16,203 - netmiko - DEBUG - read_channel:              .---.,
            (      ``.
       _     \        )    __      ________ _____   _____
      (  `.   \      /     \ \    / /  ____|  __ \ / ____|  /\
       \    `. )    /       \ \  / /| |__  | |__) | (___   /  \
        \     |    /         \ \/ / |  __| |  _  / \___ \ / /\ \
         \    |   /           \  /  | |____| | \ \ ____) / ____ \
          \   |  /             \/   |______|_|  \_\_____/_/    \_\
           \  | /
            \_|/                     ___ _    _____  ___   ___  _ ___
                                    | __| |  | __\ \/ | \ / / \| | __|
                                    | _|| |__| _| >  < \ V /| .` | _|
                                    |_| |____|___/_/\_\ \_/ |_|\_|_|


Versa FlexVNF software
Release     :	16.1R1 (S3.3)
Release date:	20171107
Package ID  :	e51d9e9	

Last login: Sun Mar  4 20:50:09 2018 from 10.91.124.96


   ____      _ _     _____         _                 _                    
  / ___|___ | | |_  |_   _|__  ___| |__  _ __   ___ | | ___   ____ _   _  
 | |   / _ \| | __|   | |/ _ \/ __|  _ \|  _ \ / _ \| |/ _ \ / _  | | | | 
 | |__| (_) | | |_    | |  __/ (__| | | | | | | (_) | | (_) | (_| | |_| | 
  \____\___/|_|\__|   |_|\___|\___|_| |_|_| |_|\___/|_|\___/ \__, |\__, | 
                                                             |___/ |___/  
               ____           	     _
              / ___|  ___ _ ____   _(_) ___ ___  ___ 
              \___ \ / _ \  __\ \ / / |/ __/ _ \/ __|
               ___) |  __/ |   \ V /| | (_|  __/\___\
              |____/ \___|_|    \_/ |_|\___\___||___/


     Type   ./STARTUP.pl   ...to start Colt CPE Manager tool. 



[admin@CPE-Osbourne2: COLT] # 
2018-03-05 17:41:16,304 - netmiko - DEBUG - read_channel: 
2018-03-05 17:41:18,305 - netmiko - DEBUG - read_channel: 
2018-03-05 17:41:18,305 - netmiko - DEBUG - write_channel: 

2018-03-05 17:41:18,406 - netmiko - DEBUG - read_channel: 
[admin@CPE-Osbourne2: COLT] # 
2018-03-05 17:41:18,406 - netmiko - DEBUG - write_channel: cli

2018-03-05 17:41:18,707 - netmiko - DEBUG - read_channel: cli


             .---.,
            (      ``.
       _     \        )    __      ________ _____   _____
      (  `.   \      /     \ \    / /  ____|  __ \ / ____|  /\
       \    `. )    /       \ \  / /| |__  | |__) | (___   /  \
        \     |    /         \ \/ / |  __| |  _  / \___ \ / /\ \
         \    |   /           \  /  | |____| | \ \ ____) / ____ \
          \   |  /             \/   |______|_|  \_\_____/_/    \_\
           \  | /
            \_|/                   _  _ ___ _______      _____  ___ _  _____
                                  | \| | __|_   _\ \    / / _ \| _ \ |/ / __|
                                  | .` | _|  | |  \ \/\/ / (_) |   / ' <\__ \
                                  |_|\_|___| |_|   \_/\_/ \___/|_|_\_|\_\___/



admin connected from 10.91.124.96 using ssh on CPE-Osbourne2
[?7hadmin@CPE-Osbourne2-cli> 
2018-03-05 17:41:18,708 - netmiko - DEBUG - read_channel: 
2018-03-05 17:41:18,708 - netmiko - DEBUG - write_channel: 

2018-03-05 17:41:18,809 - netmiko - DEBUG - read_channel: 
admin@CPE-Osbourne2-cli> 
2018-03-05 17:41:18,909 - netmiko - DEBUG - read_channel: 
2018-03-05 17:41:19,010 - netmiko - DEBUG - read_channel: 
2018-03-05 17:41:19,010 - netmiko - DEBUG - In disable_paging
2018-03-05 17:41:19,010 - netmiko - DEBUG - Command: set screen length 0

2018-03-05 17:41:19,011 - netmiko - DEBUG - write_channel: set screen length 0

2018-03-05 17:41:19,011 - netmiko - DEBUG - Pattern is: admin\@CPE\-Osbourne2\-cli
2018-03-05 17:41:19,014 - netmiko - DEBUG - _read_channel_expect read_data: set
2018-03-05 17:41:19,115 - netmiko - DEBUG - _read_channel_expect read_data:  screen
2018-03-05 17:41:19,216 - netmiko - DEBUG - _read_channel_expect read_data:  length 0

2018-03-05 17:41:19,316 - netmiko - DEBUG - _read_channel_expect read_data: [ok][2018-03-04 20:55:46]
admin@CPE-Osbourne2-cli> 
2018-03-05 17:41:19,317 - netmiko - DEBUG - Pattern found: admin\@CPE\-Osbourne2\-cli set screen length 0
[ok][2018-03-04 20:55:46]
admin@CPE-Osbourne2-cli> 
2018-03-05 17:41:19,317 - netmiko - DEBUG - set screen length 0
[ok][2018-03-04 20:55:46]
admin@CPE-Osbourne2-cli> 
2018-03-05 17:41:19,317 - netmiko - DEBUG - Exiting disable_paging
2018-03-05 17:41:19,317 - netmiko - DEBUG - write_channel: set screen width 0

2018-03-05 17:41:19,318 - netmiko - DEBUG - Pattern is: admin\@CPE\-Osbourne2\-cli
2018-03-05 17:41:19,325 - netmiko - DEBUG - _read_channel_expect read_data: set
2018-03-05 17:41:19,426 - netmiko - DEBUG - _read_channel_expect read_data:  screen
2018-03-05 17:41:19,526 - netmiko - DEBUG - _read_channel_expect read_data:  width 0

2018-03-05 17:41:19,627 - netmiko - DEBUG - _read_channel_expect read_data: [ok][2018-03-04 20:55:47]
admin@CPE-Osbourne2-cli> 
2018-03-05 17:41:19,627 - netmiko - DEBUG - Pattern found: admin\@CPE\-Osbourne2\-cli set screen width 0
[ok][2018-03-04 20:55:47]
admin@CPE-Osbourne2-cli> 
2018-03-05 17:41:19,927 - netmiko - DEBUG - read_channel: 
2018-03-05 17:41:24,933 - netmiko - DEBUG - read_channel: 
2018-03-05 17:41:24,934 - netmiko - DEBUG - write_channel: 

2018-03-05 17:41:25,034 - netmiko - DEBUG - read_channel: 
admin@CPE-Osbourne2-cli> 
2018-03-05 17:41:25,135 - netmiko - DEBUG - read_channel: 
2018-03-05 17:41:25,135 - root - DEBUG - <netmiko.versa.versa_ssh.VersaSSH object at 0x7f17d7c75850> connection opened
2018-03-05 17:41:25,206 - paramiko.transport - DEBUG - EOF in transport thread
2018-03-05 17:41:25,249 - netmiko - DEBUG - read_channel: 
2018-03-05 17:41:25,250 - netmiko - DEBUG - write_channel: 

2018-03-05 17:41:25,350 - netmiko - DEBUG - read_channel: 
admin@CPE-Osbourne2-cli> 
2018-03-05 17:41:25,451 - netmiko - DEBUG - read_channel: 
2018-03-05 17:41:25,651 - netmiko - DEBUG - read_channel: 
2018-03-05 17:41:25,652 - netmiko - DEBUG - write_channel: show system package-info | tab

2018-03-05 17:41:25,652 - netmiko - DEBUG - read_channel: 
2018-03-05 17:41:25,853 - netmiko - DEBUG - read_channel: show system package-info
2018-03-05 17:41:25,853 - netmiko - DEBUG - read_channel: 
2018-03-05 17:41:26,054 - netmiko - DEBUG - read_channel:  | tab
PACKAGE                                                                                     BUILD                     
ID       MAJOR  MINOR  DATE      PACKAGE NAME                                      RELTYPE  TYPE   BRANCH    CREATOR  
----------------------------------------------------------------------------------------------------------------------
e51d9e9  16     1      20171107  versa-flexvnf-20171107-024119-e51d9e9-16.1R1-wsm  R1       S3.3   16.1R1S3  jenkins  

[ok][2018-03-04 20:55:53]
admin@CPE-Osbourne2-cli> 
2018-03-05 17:41:26,055 - root - DEBUG - PACKAGE                                                                                     BUILD                     
ID       MAJOR  MINOR  DATE      PACKAGE NAME                                      RELTYPE  TYPE   BRANCH    CREATOR  
----------------------------------------------------------------------------------------------------------------------
e51d9e9  16     1      20171107  versa-flexvnf-20171107-024119-e51d9e9-16.1R1-wsm  R1       S3.3   16.1R1S3  jenkins  

[ok][2018-03-04 20:55:53]
2018-03-05 17:41:26,056 - paramiko.transport - DEBUG - starting thread (client mode): 0xd77fec90L
2018-03-05 17:41:26,057 - paramiko.transport - DEBUG - Local version/idstring: SSH-2.0-paramiko_1.16.0
2018-03-05 17:41:26,062 - paramiko.transport - DEBUG - Remote version/idstring: SSH-2.0-OpenSSH_6.6.1p1 Ubuntu-2ubuntu2.8
2018-03-05 17:41:26,062 - paramiko.transport - INFO - Connected (version 2.0, client OpenSSH_6.6.1p1)
2018-03-05 17:41:26,063 - paramiko.transport - DEBUG - kex algos:[u'curve25519-sha256@libssh.org', u'ecdh-sha2-nistp256', u'ecdh-sha2-nistp384', u'ecdh-sha2-nistp521', u'diffie-hellman-group-exchange-sha256', u'diffie-hellman-group-exchange-sha1', u'diffie-hellman-group14-sha1', u'diffie-hellman-group1-sha1'] server key:[u'ssh-rsa', u'ssh-dss', u'ecdsa-sha2-nistp256', u'ssh-ed25519'] client encrypt:[u'aes128-ctr', u'aes192-ctr', u'aes256-ctr', u'arcfour256', u'arcfour128', u'arcfour'] server encrypt:[u'aes128-ctr', u'aes192-ctr', u'aes256-ctr', u'arcfour256', u'arcfour128', u'arcfour'] client mac:[u'hmac-sha1', u'hmac-ripemd160'] server mac:[u'hmac-sha1', u'hmac-ripemd160'] client compress:[u'none', u'zlib@openssh.com'] server compress:[u'none', u'zlib@openssh.com'] client lang:[u''] server lang:[u''] kex follows?False
2018-03-05 17:41:26,063 - paramiko.transport - DEBUG - Kex agreed: diffie-hellman-group1-sha1
2018-03-05 17:41:26,064 - paramiko.transport - DEBUG - Cipher agreed: aes128-ctr
2018-03-05 17:41:26,064 - paramiko.transport - DEBUG - MAC agreed: hmac-sha1
2018-03-05 17:41:26,064 - paramiko.transport - DEBUG - Compression agreed: none
2018-03-05 17:41:26,118 - paramiko.transport - DEBUG - kex engine KexGroup1 specified hash_algo <built-in function openssl_sha1>
2018-03-05 17:41:26,119 - paramiko.transport - DEBUG - Switch to new keys ...
2018-03-05 17:41:26,123 - paramiko.transport - DEBUG - Adding ssh-rsa host key for 10.91.116.246: 20a8d7a242d805d70ea044408c0c3443
2018-03-05 17:41:26,158 - paramiko.transport - DEBUG - userauth is OK
2018-03-05 17:41:26,175 - paramiko.transport - INFO - Authentication (password) successful!
2018-03-05 17:41:26,188 - paramiko.transport - DEBUG - [chan 0] Max packet in: 32768 bytes
2018-03-05 17:41:26,189 - paramiko.transport - DEBUG - [chan 0] Max packet out: 32768 bytes
2018-03-05 17:41:26,189 - paramiko.transport - DEBUG - Secsh channel 0 opened.
2018-03-05 17:41:26,193 - paramiko.transport - DEBUG - [chan 0] Sesch channel 0 request ok
2018-03-05 17:41:26,194 - paramiko.transport - DEBUG - [chan 0] Sesch channel 0 request ok
2018-03-05 17:41:27,296 - netmiko - DEBUG - read_channel:              .---.,
            (      ``.
       _     \        )    __      ________ _____   _____
      (  `.   \      /     \ \    / /  ____|  __ \ / ____|  /\
       \    `. )    /       \ \  / /| |__  | |__) | (___   /  \
        \     |    /         \ \/ / |  __| |  _  / \___ \ / /\ \
         \    |   /           \  /  | |____| | \ \ ____) / ____ \
          \   |  /             \/   |______|_|  \_\_____/_/    \_\
           \  | /
            \_|/                     ___ _    _____  ___   ___  _ ___
                                    | __| |  | __\ \/ | \ / / \| | __|
                                    | _|| |__| _| >  < \ V /| .` | _|
                                    |_| |____|___/_/\_\ \_/ |_|\_|_|


Versa FlexVNF software
Release     :	16.1R1 (S3.3)
Release date:	20171107
Package ID  :	e51d9e9	

Last login: Mon Mar  5 20:06:57 2018 from 10.91.124.96
admin@CPE-Osbourne1:~$ 
2018-03-05 17:41:27,397 - netmiko - DEBUG - read_channel: 
2018-03-05 17:41:29,399 - netmiko - DEBUG - read_channel: 
2018-03-05 17:41:29,400 - netmiko - DEBUG - write_channel: 

2018-03-05 17:41:29,501 - netmiko - DEBUG - read_channel: 
admin@CPE-Osbourne1:~$ 
2018-03-05 17:41:29,501 - netmiko - DEBUG - write_channel: cli

2018-03-05 17:41:29,802 - netmiko - DEBUG - read_channel: cli


             .---.,
            (      ``.
       _     \        )    __      ________ _____   _____
      (  `.   \      /     \ \    / /  ____|  __ \ / ____|  /\
       \    `. )    /       \ \  / /| |__  | |__) | (___   /  \
        \     |    /         \ \/ / |  __| |  _  / \___ \ / /\ \
         \    |   /           \  /  | |____| | \ \ ____) / ____ \
          \   |  /             \/   |______|_|  \_\_____/_/    \_\
           \  | /
            \_|/                   _  _ ___ _______      _____  ___ _  _____
                                  | \| | __|_   _\ \    / / _ \| _ \ |/ / __|
                                  | .` | _|  | |  \ \/\/ / (_) |   / ' <\__ \
                                  |_|\_|___| |_|   \_/\_/ \___/|_|_\_|\_\___/



admin connected from 10.91.124.96 using ssh on CPE-Osbourne1
[?7hadmin@CPE-Osbourne1-cli> 
2018-03-05 17:41:29,802 - netmiko - DEBUG - read_channel: 
2018-03-05 17:41:29,803 - netmiko - DEBUG - write_channel: 

2018-03-05 17:41:29,903 - netmiko - DEBUG - read_channel: 
admin@CPE-Osbourne1-cli> 
2018-03-05 17:41:30,004 - netmiko - DEBUG - read_channel: 
2018-03-05 17:41:30,104 - netmiko - DEBUG - read_channel: 
2018-03-05 17:41:30,105 - netmiko - DEBUG - In disable_paging
2018-03-05 17:41:30,105 - netmiko - DEBUG - Command: set screen length 0

2018-03-05 17:41:30,105 - netmiko - DEBUG - write_channel: set screen length 0

2018-03-05 17:41:30,106 - netmiko - DEBUG - Pattern is: admin\@CPE\-Osbourne1\-cli
2018-03-05 17:41:30,107 - netmiko - DEBUG - _read_channel_expect read_data: set
2018-03-05 17:41:30,208 - netmiko - DEBUG - _read_channel_expect read_data:  screen length 0
[ok][2018-03-05 20:10:42]
admin@CPE-Osbourne1-cli> 
2018-03-05 17:41:30,208 - netmiko - DEBUG - Pattern found: admin\@CPE\-Osbourne1\-cli set screen length 0
[ok][2018-03-05 20:10:42]
admin@CPE-Osbourne1-cli> 
2018-03-05 17:41:30,208 - netmiko - DEBUG - set screen length 0
[ok][2018-03-05 20:10:42]
admin@CPE-Osbourne1-cli> 
2018-03-05 17:41:30,209 - netmiko - DEBUG - Exiting disable_paging
2018-03-05 17:41:30,209 - netmiko - DEBUG - write_channel: set screen width 0

2018-03-05 17:41:30,209 - netmiko - DEBUG - Pattern is: admin\@CPE\-Osbourne1\-cli
2018-03-05 17:41:30,211 - netmiko - DEBUG - _read_channel_expect read_data: set
2018-03-05 17:41:30,311 - netmiko - DEBUG - _read_channel_expect read_data:  screen width 0
[ok][2018-03-05 20:10:42]
admin@CPE-Osbourne1-cli> 
2018-03-05 17:41:30,312 - netmiko - DEBUG - Pattern found: admin\@CPE\-Osbourne1\-cli set screen width 0
[ok][2018-03-05 20:10:42]
admin@CPE-Osbourne1-cli> 
2018-03-05 17:41:30,612 - netmiko - DEBUG - read_channel: 
2018-03-05 17:41:35,614 - netmiko - DEBUG - read_channel: 
2018-03-05 17:41:35,615 - netmiko - DEBUG - write_channel: 

2018-03-05 17:41:35,715 - netmiko - DEBUG - read_channel: 
admin@CPE-Osbourne1-cli> 
2018-03-05 17:41:35,816 - netmiko - DEBUG - read_channel: 
2018-03-05 17:41:35,816 - root - DEBUG - <netmiko.versa.versa_ssh.VersaSSH object at 0x7f17d77fec50> connection opened
2018-03-05 17:41:35,864 - paramiko.transport - DEBUG - EOF in transport thread
2018-03-05 17:41:35,880 - netmiko - DEBUG - read_channel: 
2018-03-05 17:41:35,881 - netmiko - DEBUG - write_channel: 

2018-03-05 17:41:35,981 - netmiko - DEBUG - read_channel: 
admin@CPE-Osbourne1-cli> 
2018-03-05 17:41:36,082 - netmiko - DEBUG - read_channel: 
2018-03-05 17:41:36,283 - netmiko - DEBUG - read_channel: 
2018-03-05 17:41:36,284 - netmiko - DEBUG - write_channel: show system package-info | tab

2018-03-05 17:41:36,284 - netmiko - DEBUG - read_channel: 
2018-03-05 17:41:36,484 - netmiko - DEBUG - read_channel: show system package-info | tab
PACKAGE                                                                                 BUILD                     
ID       MAJOR  MINOR  DATE      PACKAGE NAME                                  RELTYPE  TYPE   BRANCH    CREATOR  
------------------------------------------------------------------------------------------------------------------
e51d9e9  16     1      20171107  versa-flexvnf-20171107-021905-e51d9e9-16.1R1  R1       S3.3   16.1R1S3  jenkins  

[ok][2018-03-05 20:10:48]
admin@CPE-Osbourne1-cli> 
2018-03-05 17:41:36,485 - root - DEBUG - PACKAGE                                                                                 BUILD                     
ID       MAJOR  MINOR  DATE      PACKAGE NAME                                  RELTYPE  TYPE   BRANCH    CREATOR  
------------------------------------------------------------------------------------------------------------------
e51d9e9  16     1      20171107  versa-flexvnf-20171107-021905-e51d9e9-16.1R1  R1       S3.3   16.1R1S3  jenkins  

[ok][2018-03-05 20:10:48]
2018-03-05 17:41:36,486 - root - DEBUG - ++++++++++++++++++++++++++++++++++++++++++++++++++++++++++++++++++++++++++++++++++++++++++++++++++++++++
2018-03-05 17:41:36,486 - root - DEBUG - ++++++++++++++++++++++++++++++++++++++++ UPGRADE SUMMARY REPORT ++++++++++++++++++++++++++++++++++++++++
2018-03-05 17:41:36,486 - root - DEBUG - ++++++++++++++++++++++++++++++++++++++++++++++++++++++++++++++++++++++++++++++++++++++++++++++++++++++++
2018-03-05 17:41:36,486 - root - DEBUG - CPE26-sathish>--->FAILED - same package already available
2018-03-05 17:41:36,486 - root - DEBUG - CPE27-sathish>--->FAILED - same package already available
2018-03-05 17:41:36,486 - root - DEBUG - CPE-Osbourne2>--->FAILED - same package already available
2018-03-05 17:41:36,486 - root - DEBUG - CPE-Osbourne1>--->FAILED - same package already available
2018-03-05 17:41:36,487 - root - DEBUG - ++++++++++++++++++++++++++++++++++++++++++++++++++++++++++++++++++++++++++++++++++++++++++++++++++++++++
2018-03-05 17:41:36,508 - paramiko.transport - DEBUG - EOF in transport thread
